#
# There is insufficient memory for the Java Runtime Environment to continue.
# Native memory allocation (malloc) failed to allocate 1048576 bytes for AllocateHeap
# Possible reasons:
#   The system is out of physical RAM or swap space
#   In 32 bit mode, the process size limit was hit
# Possible solutions:
#   Reduce memory load on the system
#   Increase physical memory or swap space
#   Check if swap backing store is full
#   Use 64 bit Java on a 64 bit OS
#   Decrease Java heap size (-Xmx/-Xms)
#   Decrease number of Java threads
#   Decrease Java thread stack sizes (-Xss)
#   Set larger code cache with -XX:ReservedCodeCacheSize=
# This output file may be truncated or incomplete.
#
#  Out of Memory Error (memory/allocation.inline.hpp:61), pid=17140, tid=22424
#
# JRE version:  (8.0_40-b26) (build )
# Java VM: Java HotSpot(TM) 64-Bit Server VM (25.40-b25 mixed mode windows-amd64 compressed oops)
# Failed to write core dump. Minidumps are not enabled by default on client versions of Windows
#

---------------  T H R E A D  ---------------

Current thread (0x0000000001cee000):  JavaThread "Unknown thread" [_thread_in_vm, id=22424, stack(0x0000000001d90000,0x0000000001e90000)]

Stack: [0x0000000001d90000,0x0000000001e90000]
Native frames: (J=compiled Java code, j=interpreted, Vv=VM code, C=native code)
V  [jvm.dll+0x32b47a]
V  [jvm.dll+0x2797f3]
V  [jvm.dll+0x27a489]
V  [jvm.dll+0x2717a5]
V  [jvm.dll+0x1606]
V  [jvm.dll+0x3f7cf2]
V  [jvm.dll+0x3f868f]
V  [jvm.dll+0x3f875d]
V  [jvm.dll+0x3f8926]
V  [jvm.dll+0xf2c12]
V  [jvm.dll+0x20f139]
V  [jvm.dll+0x240d9a]
V  [jvm.dll+0x15b941]
C  [java.exe+0x216e]
C  [java.exe+0xcce7]
C  [java.exe+0xcd7b]
C  [KERNEL32.DLL+0x13d2]
C  [ntdll.dll+0x15444]


---------------  P R O C E S S  ---------------

Java Threads: ( => current thread )

Other Threads:

=>0x0000000001cee000 (exited) JavaThread "Unknown thread" [_thread_in_vm, id=22424, stack(0x0000000001d90000,0x0000000001e90000)]

VM state:not at safepoint (normal execution)

VM Mutex/Monitor currently owned by a thread: None

Heap:
 PSYoungGen      total 38400K, used 665K [0x00000000eab00000, 0x00000000ed580000, 0x0000000100000000)
  eden space 33280K, 2% used [0x00000000eab00000,0x00000000eaba6670,0x00000000ecb80000)
  from space 5120K, 0% used [0x00000000ed080000,0x00000000ed080000,0x00000000ed580000)
  to   space 5120K, 0% used [0x00000000ecb80000,0x00000000ecb80000,0x00000000ed080000)
 ParOldGen       total 87552K, used 0K [0x00000000c0000000, 0x00000000c5580000, 0x00000000eab00000)
  object space 87552K, 0% used [0x00000000c0000000,0x00000000c0000000,0x00000000c5580000)
 Metaspace       used 766K, capacity 4480K, committed 4480K, reserved 1056768K
  class space    used 75K, capacity 384K, committed 384K, reserved 1048576K

Card table byte_map: [0x0000000011350000,0x0000000011560000] byte_map_base: 0x0000000010d50000

Marking Bits: (ParMarkBitMap*) 0x000000006e474040
 Begin Bits: [0x0000000011ac0000, 0x0000000012ac0000)
 End Bits:   [0x0000000012ac0000, 0x0000000013ac0000)

Polling page: 0x00000000002a0000

CodeCache: size=245760Kb used=328Kb max_used=328Kb free=245431Kb
 bounds [0x0000000001f90000, 0x0000000002200000, 0x0000000010f90000]
 total_blobs=57 nmethods=0 adapters=37
 compilation: enabled

Compilation events (0 events):
No events

GC Heap History (0 events):
No events

Deoptimization events (0 events):
No events

Internal exceptions (0 events):
No events

Events (10 events):
Event: 0.043 loading class java/lang/Short
Event: 0.043 loading class java/lang/Short done
Event: 0.043 loading class java/lang/Integer
Event: 0.043 loading class java/lang/Integer done
Event: 0.043 loading class java/lang/Long
Event: 0.043 loading class java/lang/Long done
Event: 0.044 loading class java/lang/NullPointerException
Event: 0.044 loading class java/lang/NullPointerException done
Event: 0.044 loading class java/lang/ArithmeticException
Event: 0.044 loading class java/lang/ArithmeticException done


Dynamic libraries:
0x00007ff7e3860000 - 0x00007ff7e3897000 	C:\Program Files\Java\jdk1.8.0_40\bin\java.exe
0x00007ff82b340000 - 0x00007ff82b4ec000 	C:\WINDOWS\SYSTEM32\ntdll.dll
0x00007ff8289b0000 - 0x00007ff828aee000 	C:\WINDOWS\system32\KERNEL32.DLL
0x00007ff828550000 - 0x00007ff828665000 	C:\WINDOWS\system32\KERNELBASE.dll
0x00007ff827020000 - 0x00007ff8270ae000 	C:\WINDOWS\system32\apphelp.dll
0x00007ff821ed0000 - 0x00007ff821f23000 	C:\WINDOWS\AppPatch\AppPatch64\AcGenral.DLL
0x00007ff82a5b0000 - 0x00007ff82a65a000 	C:\WINDOWS\system32\msvcrt.dll
0x00007ff828250000 - 0x00007ff82827e000 	C:\WINDOWS\SYSTEM32\SspiCli.dll
0x00007ff82b0d0000 - 0x00007ff82b124000 	C:\WINDOWS\system32\SHLWAPI.dll
0x00007ff82adc0000 - 0x00007ff82af37000 	C:\WINDOWS\system32\USER32.dll
0x00007ff82a410000 - 0x00007ff82a5a4000 	C:\WINDOWS\system32\ole32.dll
0x00007ff828c40000 - 0x00007ff82a159000 	C:\WINDOWS\system32\SHELL32.dll
0x00007ff827a20000 - 0x00007ff827a41000 	C:\WINDOWS\SYSTEM32\USERENV.dll
0x00007ff82b290000 - 0x00007ff82b33a000 	C:\WINDOWS\system32\ADVAPI32.dll
0x00007ff8155b0000 - 0x00007ff8155ce000 	C:\WINDOWS\SYSTEM32\MPR.dll
0x00007ff82af40000 - 0x00007ff82b081000 	C:\WINDOWS\system32\RPCRT4.dll
0x00007ff82a900000 - 0x00007ff82a959000 	C:\WINDOWS\SYSTEM32\sechost.dll
0x00007ff82a660000 - 0x00007ff82a871000 	C:\WINDOWS\SYSTEM32\combase.dll
0x00007ff82ac50000 - 0x00007ff82ada0000 	C:\WINDOWS\system32\GDI32.dll
0x00007ff828480000 - 0x00007ff828495000 	C:\WINDOWS\SYSTEM32\profapi.dll
0x00007ff8269d0000 - 0x00007ff826a82000 	C:\WINDOWS\SYSTEM32\SHCORE.dll
0x00007ff82b090000 - 0x00007ff82b0c6000 	C:\WINDOWS\system32\IMM32.DLL
0x00007ff82b130000 - 0x00007ff82b282000 	C:\WINDOWS\system32\MSCTF.dll
0x00007ff8263a0000 - 0x00007ff82661a000 	C:\WINDOWS\WinSxS\amd64_microsoft.windows.common-controls_6595b64144ccf1df_6.0.9600.17810_none_6240b9c7ecbd0bda\COMCTL32.dll
0x000000006e500000 - 0x000000006e5d2000 	C:\Program Files\Java\jdk1.8.0_40\jre\bin\msvcr100.dll
0x000000006dc70000 - 0x000000006e4f3000 	C:\Program Files\Java\jdk1.8.0_40\jre\bin\server\jvm.dll
0x00007ff81b360000 - 0x00007ff81b369000 	C:\WINDOWS\SYSTEM32\WSOCK32.dll
0x00007ff824540000 - 0x00007ff824562000 	C:\WINDOWS\SYSTEM32\WINMM.dll
0x00007ff824f10000 - 0x00007ff824f1a000 	C:\WINDOWS\SYSTEM32\VERSION.dll
0x00007ff82a160000 - 0x00007ff82a167000 	C:\WINDOWS\system32\PSAPI.DLL
0x00007ff82a890000 - 0x00007ff82a8ea000 	C:\WINDOWS\system32\WS2_32.dll
0x00007ff8244a0000 - 0x00007ff8244ca000 	C:\WINDOWS\SYSTEM32\WINMMBASE.dll
0x00007ff82a8f0000 - 0x00007ff82a8f9000 	C:\WINDOWS\system32\NSI.dll
0x00007ff828670000 - 0x00007ff8286bf000 	C:\WINDOWS\SYSTEM32\cfgmgr32.dll
0x00007ff827270000 - 0x00007ff827298000 	C:\WINDOWS\SYSTEM32\DEVOBJ.dll
0x000000006dc60000 - 0x000000006dc6f000 	C:\Program Files\Java\jdk1.8.0_40\jre\bin\verify.dll
0x000000006dc30000 - 0x000000006dc59000 	C:\Program Files\Java\jdk1.8.0_40\jre\bin\java.dll
0x000000006dc10000 - 0x000000006dc26000 	C:\Program Files\Java\jdk1.8.0_40\jre\bin\zip.dll
0x00007ff81f8d0000 - 0x00007ff81fa59000 	C:\WINDOWS\SYSTEM32\dbghelp.dll

VM Arguments:
jvm_args: -Xmx1024M -Dfile.encoding=windows-1251 -Duser.country=RU -Duser.language=ru -Duser.variant 
java_command: com.android.dx.command.Main --dex --output E:\STEP\Android\Chronicle\app\build\intermediates\dex\debug E:\STEP\Android\Chronicle\app\build\intermediates\classes\debug E:\STEP\Android\Chronicle\app\build\intermediates\pre-dexed\debug\support-annotations-22.2.1-b9f7896e5f20da7613139df6fb7888bedec93d6c.jar E:\STEP\Android\Chronicle\app\build\intermediates\pre-dexed\debug\classes-213e731ec2e500bdb1a555e750ab2bffa20be0b1.jar E:\STEP\Android\Chronicle\app\build\intermediates\pre-dexed\debug\internal_impl-22.2.1-97ce522be910697dd8af6ea84b7e7e0e30b8c372.jar E:\STEP\Android\Chronicle\app\build\intermediates\pre-dexed\debug\classes-123c22dd8fbcd6d7dd8e62a5259c4e43a3b8c267.jar E:\STEP\Android\Chronicle\app\build\intermediates\pre-dexed\debug\classes-45cbc0d512c309c3d598429ef60f7f44bf9eecab.jar E:\STEP\Android\Chronicle\app\build\intermediates\pre-dexed\debug\classes-8bcfdb17e6b5769f190d22dae2ecef3a5c2b0cb4.jar
java_class_path (initial): E:\android-sdk\build-tools\23.0.0-preview\lib\dx.jar
Launcher Type: SUN_STANDARD

Environment Variables:
CLASSPATH=.;C:\Program Files (x86)\QuickTime\QTSystem\QTJava.zip
PATH=C:\oraclexe\app\oracle\product\11.2.0\server\bin;;C:\ProgramData\Oracle\Java\javapath;C:\WINDOWS\system32;C:\WINDOWS;C:\WINDOWS\System32\Wbem;C:\WINDOWS\System32\WindowsPowerShell\v1.0\;C:\Program Files (x86)\Common Files\Ulead Systems\MPEG;C:\Program Files (x86)\QuickTime\QTSystem\;C:\Program Files (x86)\Microsoft SQL Server\100\Tools\Binn\;C:\Program Files\Microsoft SQL Server\100\Tools\Binn\;C:\Program Files\Microsoft SQL Server\100\DTS\Binn\;C:\Program Files\Microsoft\Web Platform Installer\;C:\Program Files (x86)\Microsoft ASP.NET\ASP.NET Web Pages\v1.0\;C:\Program Files (x86)\Windows Kits\8.0\Windows Performance Toolkit\;C:\Program Files\Microsoft SQL Server\110\Tools\Binn\;C:\Program Files\Microsoft SQL Server\110\DTS\Binn\;C:\Program Files (x86)\Microsoft SQL Server\110\Tools\Binn\;C:\Program Files (x86)\Microsoft SQL Server\110\Tools\Binn\ManagementStudio\;C:\Program Files (x86)\Microsoft Visual Studio 10.0\Common7\IDE\PrivateAssemblies\;C:\Program Files (x86)\Microsoft SQL Server\110\DTS\Binn\;C:\Program Files\Samsung\AllShare Framework DMS\1.3.23\;C:\Program Files\Samsung\AllShare Framework DMS\1.3.23\64bit\;C:\Program Files (x86)\Skype\Phone\;C:\Program Files (x86)\NVIDIA Corporation\PhysX\Common;C:\gradle-2.4\bin
USERNAME=ִלטענטי
OS=Windows_NT
PROCESSOR_IDENTIFIER=Intel64 Family 6 Model 42 Stepping 7, GenuineIntel



---------------  S Y S T E M  ---------------

OS: Windows 8.1 , 64 bit Build 9600 (6.3.9600.17415)

CPU:total 4 (4 cores per cpu, 1 threads per core) family 6 model 42 stepping 7, cmov, cx8, fxsr, mmx, sse, sse2, sse3, ssse3, sse4.1, sse4.2, popcnt, avx, aes, clmul, tsc, tscinvbit

Memory: 4k page, physical 8369392k(976708k free), swap 11515120k(4280k free)

vm_info: Java HotSpot(TM) 64-Bit Server VM (25.40-b25) for windows-amd64 JRE (1.8.0_40-b26), built on Mar  7 2015 13:51:59 by "java_re" with MS VC++ 10.0 (VS2010)

time: Thu Jul 30 21:39:23 2015
elapsed time: 0 seconds (0d 0h 0m 0s)

